[20-Jul-2023 02:39:16 Asia/Yekaterinburg] PHP Fatal error:  Uncaught PDOException: SQLSTATE[42S02]: Base table or view not found: 1146 Table 'a0214888_hack.ban_category' doesn't exist in /home/a0214888/domains/a0214888.xsph.ru/public_html/models/Category.php:78
Stack trace:
#0 /home/a0214888/domains/a0214888.xsph.ru/public_html/models/Category.php(78): PDO->prepare('SELECT * FROM b...')
#1 /home/a0214888/domains/a0214888.xsph.ru/public_html/models/Category.php(16): Models\Category->getCategoryByUrlPage('favicon.ico', '*')
#2 /home/a0214888/domains/a0214888.xsph.ru/public_html/core/Page.php(16): Models\Category->showCategory('favicon.ico')
#3 /home/a0214888/domains/a0214888.xsph.ru/public_html/core/Route.php(27): Core\Page->init()
#4 /home/a0214888/domains/a0214888.xsph.ru/public_html/web/index.php(25): Core\Route->init()
#5 {main}
  thrown in /home/a0214888/domains/a0214888.xsph.ru/public_html/models/Category.php on line 78
[20-Jul-2023 02:42:01 Asia/Yekaterinburg] PHP Fatal error:  Uncaught PDOException: SQLSTATE[42S02]: Base table or view not found: 1146 Table 'a0214888_hack.ban_options' doesn't exist in /home/a0214888/domains/a0214888.xsph.ru/public_html/models/Options.php:13
Stack trace:
#0 /home/a0214888/domains/a0214888.xsph.ru/public_html/models/Options.php(13): PDO->prepare('SELECT value FR...')
#1 /home/a0214888/domains/a0214888.xsph.ru/public_html/core/Options.php(10): Models\Options->getCache()
#2 /home/a0214888/domains/a0214888.xsph.ru/public_html/view/header.php(13): Core\Options->cache()
#3 /home/a0214888/domains/a0214888.xsph.ru/public_html/core/View.php(61): require('/home/a0214888/...')
#4 /home/a0214888/domains/a0214888.xsph.ru/public_html/core/View.php(54): Core\View->renderView('../view/header....', Array)
#5 /home/a0214888/domains/a0214888.xsph.ru/public_html/models/Main.php(13): Core\View->render('header', Array)
#6 /home/a0214888/domains/a0214888.xsph.ru/public_html/controllers/Main.php(7): Models\Main->getMainPage()
#7 /home/a0214888/domains/a0214888.xsph.ru/public_html/core/Route.php(23): Controllers\Main->index()
#8 /home/a0214888/domains/a0214888.xsph.ru/public_html/web/index.php(25): Core\Route->init()
#9 {main}
  thrown in /home/a0214888/domains/a0214888.xsph.ru/public_html/models/Options.php on line 13
[20-Jul-2023 02:42:03 Asia/Yekaterinburg] PHP Fatal error:  Uncaught PDOException: SQLSTATE[42S02]: Base table or view not found: 1146 Table 'a0214888_hack.ban_options' doesn't exist in /home/a0214888/domains/a0214888.xsph.ru/public_html/models/Options.php:13
Stack trace:
#0 /home/a0214888/domains/a0214888.xsph.ru/public_html/models/Options.php(13): PDO->prepare('SELECT value FR...')
#1 /home/a0214888/domains/a0214888.xsph.ru/public_html/core/Options.php(10): Models\Options->getCache()
#2 /home/a0214888/domains/a0214888.xsph.ru/public_html/view/header.php(13): Core\Options->cache()
#3 /home/a0214888/domains/a0214888.xsph.ru/public_html/core/View.php(61): require('/home/a0214888/...')
#4 /home/a0214888/domains/a0214888.xsph.ru/public_html/core/View.php(54): Core\View->renderView('../view/header....', Array)
#5 /home/a0214888/domains/a0214888.xsph.ru/public_html/models/Main.php(13): Core\View->render('header', Array)
#6 /home/a0214888/domains/a0214888.xsph.ru/public_html/controllers/Main.php(7): Models\Main->getMainPage()
#7 /home/a0214888/domains/a0214888.xsph.ru/public_html/core/Route.php(23): Controllers\Main->index()
#8 /home/a0214888/domains/a0214888.xsph.ru/public_html/web/index.php(25): Core\Route->init()
#9 {main}
  thrown in /home/a0214888/domains/a0214888.xsph.ru/public_html/models/Options.php on line 13
[20-Jul-2023 04:23:36 Asia/Yekaterinburg] PHP Warning:  imagettftext(): Could not find/open font in /home/a0214888/domains/a0214888.xsph.ru/public_html/core/Captcha.php on line 53
[20-Jul-2023 04:23:36 Asia/Yekaterinburg] PHP Warning:  imagettftext(): Could not find/open font in /home/a0214888/domains/a0214888.xsph.ru/public_html/core/Captcha.php on line 54
[20-Jul-2023 04:23:36 Asia/Yekaterinburg] PHP Warning:  imagettftext(): Could not find/open font in /home/a0214888/domains/a0214888.xsph.ru/public_html/core/Captcha.php on line 53
[20-Jul-2023 04:23:36 Asia/Yekaterinburg] PHP Warning:  imagettftext(): Could not find/open font in /home/a0214888/domains/a0214888.xsph.ru/public_html/core/Captcha.php on line 54
[20-Jul-2023 04:24:40 Asia/Yekaterinburg] PHP Warning:  imagettftext(): Could not find/open font in /home/a0214888/domains/a0214888.xsph.ru/public_html/core/Captcha.php on line 53
[20-Jul-2023 04:24:40 Asia/Yekaterinburg] PHP Warning:  imagettftext(): Could not find/open font in /home/a0214888/domains/a0214888.xsph.ru/public_html/core/Captcha.php on line 54
[20-Jul-2023 12:43:01 Asia/Yekaterinburg] PHP Fatal error:  Uncaught PDOException: SQLSTATE[21S01]: Insert value list does not match column list: 1136 Column count doesn't match value count at row 1 in /home/a0214888/domains/a0214888.xsph.ru/public_html/models/User.php:16
Stack trace:
#0 /home/a0214888/domains/a0214888.xsph.ru/public_html/models/User.php(16): PDO->prepare('INSERT INTO pro...')
#1 /home/a0214888/domains/a0214888.xsph.ru/public_html/controllers/Auth.php(138): Models\User->registration(Array)
#2 /home/a0214888/domains/a0214888.xsph.ru/public_html/core/Route.php(23): Controllers\Auth->registration()
#3 /home/a0214888/domains/a0214888.xsph.ru/public_html/web/index.php(25): Core\Route->init()
#4 {main}
  thrown in /home/a0214888/domains/a0214888.xsph.ru/public_html/models/User.php on line 16
[20-Jul-2023 13:00:34 Asia/Yekaterinburg] PHP Fatal error:  Uncaught Exception: autoload error: ../panel/models/Currency in /home/a0214888/domains/a0214888.xsph.ru/public_html/core/Autoload.php:9
Stack trace:
#0 /home/a0214888/domains/a0214888.xsph.ru/public_html/panel/view/panel.php(11): autoloadClasses('Panel\\Models\\Cu...')
#1 /home/a0214888/domains/a0214888.xsph.ru/public_html/panel/View.php(19): require('/home/a0214888/...')
#2 /home/a0214888/domains/a0214888.xsph.ru/public_html/panel/View.php(12): Panel\View->renderPhpFile('../panel/view/p...', Array)
#3 /home/a0214888/domains/a0214888.xsph.ru/public_html/panel/controllers/Main.php(23): Panel\View->render('panel', Array)
#4 /home/a0214888/domains/a0214888.xsph.ru/public_html/panel/Rout.php(38): Panel\Controllers\Main->index()
#5 /home/a0214888/domains/a0214888.xsph.ru/public_html/core/Route.php(11): Panel\Rout->init()
#6 /home/a0214888/domains/a0214888.xsph.ru/public_html/web/index.php(25): Core\Route->init()
#7 {main}
  thrown in /home/a0214888/domains/a0214888.xsph.ru/public_html/core/Autoload.php on line 9
[20-Jul-2023 13:02:24 Asia/Yekaterinburg] PHP Fatal error:  Uncaught Exception: autoload error: ../models/Tag in /home/a0214888/domains/a0214888.xsph.ru/public_html/core/Autoload.php:9
Stack trace:
#0 /home/a0214888/domains/a0214888.xsph.ru/public_html/panel/models/Tag.php(6): autoloadClasses('Models\\Tag')
#1 /home/a0214888/domains/a0214888.xsph.ru/public_html/core/Autoload.php(12): require_once('/home/a0214888/...')
#2 /home/a0214888/domains/a0214888.xsph.ru/public_html/panel/view/panel.php(11): autoloadClasses('Panel\\Models\\Ta...')
#3 /home/a0214888/domains/a0214888.xsph.ru/public_html/panel/View.php(19): require('/home/a0214888/...')
#4 /home/a0214888/domains/a0214888.xsph.ru/public_html/panel/View.php(12): Panel\View->renderPhpFile('../panel/view/p...', Array)
#5 /home/a0214888/domains/a0214888.xsph.ru/public_html/panel/controllers/Main.php(23): Panel\View->render('panel', Array)
#6 /home/a0214888/domains/a0214888.xsph.ru/public_html/panel/Rout.php(38): Panel\Controllers\Main->index()
#7 /home/a0214888/domains/a0214888.xsph.ru/public_html/core/Route.php(11): Panel\Rout->init()
#8 /home/a0214888/domains/a0214888.xsph.ru/public_html/web/index.php(25): Core\Route->init()
#9 {main}
  thrown in /home/a0214888/domains/a0214888.xsph.ru/public_html/core/Autoload.php on line 9
[20-Jul-2023 13:02:45 Asia/Yekaterinburg] PHP Fatal error:  Uncaught Exception: autoload error: ../models/Comments in /home/a0214888/domains/a0214888.xsph.ru/public_html/core/Autoload.php:9
Stack trace:
#0 /home/a0214888/domains/a0214888.xsph.ru/public_html/panel/models/Comments.php(6): autoloadClasses('Models\\Comments')
#1 /home/a0214888/domains/a0214888.xsph.ru/public_html/core/Autoload.php(12): require_once('/home/a0214888/...')
#2 /home/a0214888/domains/a0214888.xsph.ru/public_html/panel/view/panel.php(15): autoloadClasses('Panel\\Models\\Co...')
#3 /home/a0214888/domains/a0214888.xsph.ru/public_html/panel/View.php(19): require('/home/a0214888/...')
#4 /home/a0214888/domains/a0214888.xsph.ru/public_html/panel/View.php(12): Panel\View->renderPhpFile('../panel/view/p...', Array)
#5 /home/a0214888/domains/a0214888.xsph.ru/public_html/panel/controllers/Main.php(23): Panel\View->render('panel', Array)
#6 /home/a0214888/domains/a0214888.xsph.ru/public_html/panel/Rout.php(38): Panel\Controllers\Main->index()
#7 /home/a0214888/domains/a0214888.xsph.ru/public_html/core/Route.php(11): Panel\Rout->init()
#8 /home/a0214888/domains/a0214888.xsph.ru/public_html/web/index.php(25): Core\Route->init()
#9 {main}
  thrown in /home/a0214888/domains/a0214888.xsph.ru/public_html/core/Autoload.php on line 9
[20-Jul-2023 13:03:06 Asia/Yekaterinburg] PHP Fatal error:  Uncaught Exception: autoload error: ../panel/models/Feedback in /home/a0214888/domains/a0214888.xsph.ru/public_html/core/Autoload.php:9
Stack trace:
#0 /home/a0214888/domains/a0214888.xsph.ru/public_html/panel/view/panel.php(15): autoloadClasses('Panel\\Models\\Fe...')
#1 /home/a0214888/domains/a0214888.xsph.ru/public_html/panel/View.php(19): require('/home/a0214888/...')
#2 /home/a0214888/domains/a0214888.xsph.ru/public_html/panel/View.php(12): Panel\View->renderPhpFile('../panel/view/p...', Array)
#3 /home/a0214888/domains/a0214888.xsph.ru/public_html/panel/controllers/Main.php(23): Panel\View->render('panel', Array)
#4 /home/a0214888/domains/a0214888.xsph.ru/public_html/panel/Rout.php(38): Panel\Controllers\Main->index()
#5 /home/a0214888/domains/a0214888.xsph.ru/public_html/core/Route.php(11): Panel\Rout->init()
#6 /home/a0214888/domains/a0214888.xsph.ru/public_html/web/index.php(25): Core\Route->init()
#7 {main}
  thrown in /home/a0214888/domains/a0214888.xsph.ru/public_html/core/Autoload.php on line 9
[20-Jul-2023 13:03:26 Asia/Yekaterinburg] PHP Warning:  Undefined property: Panel\Controllers\Journal::$log_rates in /home/a0214888/domains/a0214888.xsph.ru/public_html/panel/models/Journal.php on line 125
[20-Jul-2023 13:03:26 Asia/Yekaterinburg] PHP Deprecated:  is_file(): Passing null to parameter #1 ($filename) of type string is deprecated in /home/a0214888/domains/a0214888.xsph.ru/public_html/panel/models/Journal.php on line 126
[20-Jul-2023 13:03:31 Asia/Yekaterinburg] PHP Fatal error:  Uncaught PDOException: SQLSTATE[42S02]: Base table or view not found: 1146 Table 'a0214888_hack.promo_static_media' doesn't exist in /home/a0214888/domains/a0214888.xsph.ru/public_html/panel/models/StaticPage.php:57
Stack trace:
#0 /home/a0214888/domains/a0214888.xsph.ru/public_html/panel/models/StaticPage.php(57): PDO->prepare('SELECT COUNT(*)...')
#1 /home/a0214888/domains/a0214888.xsph.ru/public_html/panel/view/static/static_list.php(52): Panel\Models\StaticPage->countMediaPage(6)
#2 /home/a0214888/domains/a0214888.xsph.ru/public_html/panel/View.php(19): require('/home/a0214888/...')
#3 /home/a0214888/domains/a0214888.xsph.ru/public_html/panel/View.php(12): Panel\View->renderPhpFile('../panel/view/s...', Array)
#4 /home/a0214888/domains/a0214888.xsph.ru/public_html/panel/models/StaticPage.php(18): Panel\View->render('static/static_l...', Array)
#5 /home/a0214888/domains/a0214888.xsph.ru/public_html/panel/controllers/StaticPage.php(164): Panel\Models\StaticPage->showStaticList()
#6 /home/a0214888/domains/a0214888.xsph.ru/public_html/panel/Rout.php(38): Panel\Controllers\StaticPage->getList()
#7 /home/a0214888/domains/a0214888.xsph.ru/public_html/core/Route.php(11): Panel\Rout->init()
#8 /home/a0214888/domains/a0214888.xsph.ru/public_html/web/index.php(25): Core\Route->init()
#9 {main}
  thrown in /home/a0214888/domains/a0214888.xsph.ru/public_html/panel/models/StaticPage.php on line 57
[20-Jul-2023 13:04:55 Asia/Yekaterinburg] PHP Warning:  Undefined property: Panel\Controllers\Journal::$log_rates in /home/a0214888/domains/a0214888.xsph.ru/public_html/panel/models/Journal.php on line 125
[20-Jul-2023 13:04:55 Asia/Yekaterinburg] PHP Deprecated:  is_file(): Passing null to parameter #1 ($filename) of type string is deprecated in /home/a0214888/domains/a0214888.xsph.ru/public_html/panel/models/Journal.php on line 126
[20-Jul-2023 13:08:14 Asia/Yekaterinburg] PHP Warning:  Undefined property: Panel\Controllers\Journal::$log_rates in /home/a0214888/domains/a0214888.xsph.ru/public_html/panel/models/Journal.php on line 125
[20-Jul-2023 13:08:14 Asia/Yekaterinburg] PHP Deprecated:  is_file(): Passing null to parameter #1 ($filename) of type string is deprecated in /home/a0214888/domains/a0214888.xsph.ru/public_html/panel/models/Journal.php on line 126
[20-Jul-2023 13:08:33 Asia/Yekaterinburg] PHP Warning:  Undefined array key "id" in /home/a0214888/domains/a0214888.xsph.ru/public_html/panel/models/StaticPage.php on line 143
[20-Jul-2023 13:08:34 Asia/Yekaterinburg] PHP Warning:  Undefined property: Panel\Controllers\Journal::$log_rates in /home/a0214888/domains/a0214888.xsph.ru/public_html/panel/models/Journal.php on line 125
[20-Jul-2023 13:08:34 Asia/Yekaterinburg] PHP Deprecated:  is_file(): Passing null to parameter #1 ($filename) of type string is deprecated in /home/a0214888/domains/a0214888.xsph.ru/public_html/panel/models/Journal.php on line 126
[20-Jul-2023 13:09:09 Asia/Yekaterinburg] PHP Warning:  Undefined property: Panel\Controllers\Journal::$log_rates in /home/a0214888/domains/a0214888.xsph.ru/public_html/panel/models/Journal.php on line 125
[20-Jul-2023 13:09:09 Asia/Yekaterinburg] PHP Deprecated:  is_file(): Passing null to parameter #1 ($filename) of type string is deprecated in /home/a0214888/domains/a0214888.xsph.ru/public_html/panel/models/Journal.php on line 126
[20-Jul-2023 13:09:18 Asia/Yekaterinburg] PHP Warning:  Undefined array key "id" in /home/a0214888/domains/a0214888.xsph.ru/public_html/panel/models/StaticPage.php on line 143
[20-Jul-2023 13:09:18 Asia/Yekaterinburg] PHP Warning:  Undefined property: Panel\Controllers\Journal::$log_rates in /home/a0214888/domains/a0214888.xsph.ru/public_html/panel/models/Journal.php on line 125
[20-Jul-2023 13:09:18 Asia/Yekaterinburg] PHP Deprecated:  is_file(): Passing null to parameter #1 ($filename) of type string is deprecated in /home/a0214888/domains/a0214888.xsph.ru/public_html/panel/models/Journal.php on line 126
[20-Jul-2023 13:10:02 Asia/Yekaterinburg] PHP Warning:  Undefined property: Panel\Controllers\Journal::$log_rates in /home/a0214888/domains/a0214888.xsph.ru/public_html/panel/models/Journal.php on line 125
[20-Jul-2023 13:10:02 Asia/Yekaterinburg] PHP Deprecated:  is_file(): Passing null to parameter #1 ($filename) of type string is deprecated in /home/a0214888/domains/a0214888.xsph.ru/public_html/panel/models/Journal.php on line 126
[20-Jul-2023 13:10:18 Asia/Yekaterinburg] PHP Warning:  Undefined property: Panel\Controllers\Journal::$log_rates in /home/a0214888/domains/a0214888.xsph.ru/public_html/panel/models/Journal.php on line 125
[20-Jul-2023 13:10:18 Asia/Yekaterinburg] PHP Deprecated:  is_file(): Passing null to parameter #1 ($filename) of type string is deprecated in /home/a0214888/domains/a0214888.xsph.ru/public_html/panel/models/Journal.php on line 126
[20-Jul-2023 13:22:39 Asia/Yekaterinburg] PHP Warning:  Undefined property: Panel\Controllers\Journal::$log_rates in /home/a0214888/domains/a0214888.xsph.ru/public_html/panel/models/Journal.php on line 125
[20-Jul-2023 13:22:39 Asia/Yekaterinburg] PHP Deprecated:  is_file(): Passing null to parameter #1 ($filename) of type string is deprecated in /home/a0214888/domains/a0214888.xsph.ru/public_html/panel/models/Journal.php on line 126
[20-Jul-2023 13:22:47 Asia/Yekaterinburg] PHP Warning:  Undefined property: Panel\Controllers\Journal::$log_rates in /home/a0214888/domains/a0214888.xsph.ru/public_html/panel/models/Journal.php on line 125
[20-Jul-2023 13:22:47 Asia/Yekaterinburg] PHP Deprecated:  is_file(): Passing null to parameter #1 ($filename) of type string is deprecated in /home/a0214888/domains/a0214888.xsph.ru/public_html/panel/models/Journal.php on line 126
[20-Jul-2023 13:46:31 Asia/Yekaterinburg] PHP Warning:  Undefined property: Panel\Controllers\Journal::$log_rates in /home/a0214888/domains/a0214888.xsph.ru/public_html/panel/models/Journal.php on line 125
[20-Jul-2023 13:46:31 Asia/Yekaterinburg] PHP Deprecated:  is_file(): Passing null to parameter #1 ($filename) of type string is deprecated in /home/a0214888/domains/a0214888.xsph.ru/public_html/panel/models/Journal.php on line 126
[20-Jul-2023 13:46:34 Asia/Yekaterinburg] PHP Warning:  Undefined property: Panel\Controllers\Journal::$log_rates in /home/a0214888/domains/a0214888.xsph.ru/public_html/panel/models/Journal.php on line 125
[20-Jul-2023 13:46:34 Asia/Yekaterinburg] PHP Deprecated:  is_file(): Passing null to parameter #1 ($filename) of type string is deprecated in /home/a0214888/domains/a0214888.xsph.ru/public_html/panel/models/Journal.php on line 126
[20-Jul-2023 13:46:41 Asia/Yekaterinburg] PHP Warning:  Undefined property: Panel\Controllers\Journal::$log_rates in /home/a0214888/domains/a0214888.xsph.ru/public_html/panel/models/Journal.php on line 125
[20-Jul-2023 13:46:41 Asia/Yekaterinburg] PHP Deprecated:  is_file(): Passing null to parameter #1 ($filename) of type string is deprecated in /home/a0214888/domains/a0214888.xsph.ru/public_html/panel/models/Journal.php on line 126
[20-Jul-2023 14:19:03 Asia/Yekaterinburg] PHP Warning:  Undefined property: Panel\Controllers\Journal::$log_rates in /home/a0214888/domains/a0214888.xsph.ru/public_html/panel/models/Journal.php on line 125
[20-Jul-2023 14:19:03 Asia/Yekaterinburg] PHP Deprecated:  is_file(): Passing null to parameter #1 ($filename) of type string is deprecated in /home/a0214888/domains/a0214888.xsph.ru/public_html/panel/models/Journal.php on line 126
[20-Jul-2023 14:19:32 Asia/Yekaterinburg] PHP Warning:  Undefined array key "id" in /home/a0214888/domains/a0214888.xsph.ru/public_html/panel/models/StaticPage.php on line 143
[20-Jul-2023 14:19:32 Asia/Yekaterinburg] PHP Warning:  Undefined property: Panel\Controllers\Journal::$log_rates in /home/a0214888/domains/a0214888.xsph.ru/public_html/panel/models/Journal.php on line 125
[20-Jul-2023 14:19:32 Asia/Yekaterinburg] PHP Deprecated:  is_file(): Passing null to parameter #1 ($filename) of type string is deprecated in /home/a0214888/domains/a0214888.xsph.ru/public_html/panel/models/Journal.php on line 126
[20-Jul-2023 14:24:57 Asia/Yekaterinburg] PHP Warning:  Undefined property: Panel\Controllers\Journal::$log_rates in /home/a0214888/domains/a0214888.xsph.ru/public_html/panel/models/Journal.php on line 125
[20-Jul-2023 14:24:57 Asia/Yekaterinburg] PHP Deprecated:  is_file(): Passing null to parameter #1 ($filename) of type string is deprecated in /home/a0214888/domains/a0214888.xsph.ru/public_html/panel/models/Journal.php on line 126
[20-Jul-2023 14:25:10 Asia/Yekaterinburg] PHP Warning:  Undefined property: Panel\Controllers\Journal::$log_rates in /home/a0214888/domains/a0214888.xsph.ru/public_html/panel/models/Journal.php on line 125
[20-Jul-2023 14:25:10 Asia/Yekaterinburg] PHP Deprecated:  is_file(): Passing null to parameter #1 ($filename) of type string is deprecated in /home/a0214888/domains/a0214888.xsph.ru/public_html/panel/models/Journal.php on line 126
[20-Jul-2023 14:27:35 Asia/Yekaterinburg] PHP Warning:  Undefined property: Panel\Controllers\Journal::$log_rates in /home/a0214888/domains/a0214888.xsph.ru/public_html/panel/models/Journal.php on line 125
[20-Jul-2023 14:27:35 Asia/Yekaterinburg] PHP Deprecated:  is_file(): Passing null to parameter #1 ($filename) of type string is deprecated in /home/a0214888/domains/a0214888.xsph.ru/public_html/panel/models/Journal.php on line 126
[20-Jul-2023 14:27:44 Asia/Yekaterinburg] PHP Warning:  Undefined property: Panel\Controllers\Journal::$log_rates in /home/a0214888/domains/a0214888.xsph.ru/public_html/panel/models/Journal.php on line 125
[20-Jul-2023 14:27:44 Asia/Yekaterinburg] PHP Deprecated:  is_file(): Passing null to parameter #1 ($filename) of type string is deprecated in /home/a0214888/domains/a0214888.xsph.ru/public_html/panel/models/Journal.php on line 126
[20-Jul-2023 14:31:51 Asia/Yekaterinburg] PHP Warning:  Undefined property: Panel\Controllers\Journal::$log_rates in /home/a0214888/domains/a0214888.xsph.ru/public_html/panel/models/Journal.php on line 125
[20-Jul-2023 14:31:51 Asia/Yekaterinburg] PHP Deprecated:  is_file(): Passing null to parameter #1 ($filename) of type string is deprecated in /home/a0214888/domains/a0214888.xsph.ru/public_html/panel/models/Journal.php on line 126
[20-Jul-2023 14:31:57 Asia/Yekaterinburg] PHP Warning:  imagettftext(): Could not find/open font in /home/a0214888/domains/a0214888.xsph.ru/public_html/core/Captcha.php on line 53
[20-Jul-2023 14:31:57 Asia/Yekaterinburg] PHP Warning:  imagettftext(): Could not find/open font in /home/a0214888/domains/a0214888.xsph.ru/public_html/core/Captcha.php on line 54
[20-Jul-2023 14:40:02 Asia/Yekaterinburg] PHP Fatal error:  Uncaught PDOException: SQLSTATE[42S02]: Base table or view not found: 1146 Table 'a0214888_hack.promo_feedback' doesn't exist in /home/a0214888/domains/a0214888.xsph.ru/public_html/models/Feedback.php:29
Stack trace:
#0 /home/a0214888/domains/a0214888.xsph.ru/public_html/models/Feedback.php(29): PDO->prepare('INSERT INTO pro...')
#1 /home/a0214888/domains/a0214888.xsph.ru/public_html/controllers/Feedback.php(65): Models\Feedback->addMessage(Array)
#2 /home/a0214888/domains/a0214888.xsph.ru/public_html/core/Route.php(23): Controllers\Feedback->send()
#3 /home/a0214888/domains/a0214888.xsph.ru/public_html/web/index.php(25): Core\Route->init()
#4 {main}
  thrown in /home/a0214888/domains/a0214888.xsph.ru/public_html/models/Feedback.php on line 29
[20-Jul-2023 14:43:54 Asia/Yekaterinburg] PHP Warning:  Undefined property: Panel\Controllers\Journal::$log_rates in /home/a0214888/domains/a0214888.xsph.ru/public_html/panel/models/Journal.php on line 125
[20-Jul-2023 14:43:54 Asia/Yekaterinburg] PHP Deprecated:  is_file(): Passing null to parameter #1 ($filename) of type string is deprecated in /home/a0214888/domains/a0214888.xsph.ru/public_html/panel/models/Journal.php on line 126
[20-Jul-2023 14:44:00 Asia/Yekaterinburg] PHP Warning:  Undefined property: Panel\Controllers\Journal::$log_rates in /home/a0214888/domains/a0214888.xsph.ru/public_html/panel/models/Journal.php on line 125
[20-Jul-2023 14:44:00 Asia/Yekaterinburg] PHP Deprecated:  is_file(): Passing null to parameter #1 ($filename) of type string is deprecated in /home/a0214888/domains/a0214888.xsph.ru/public_html/panel/models/Journal.php on line 126
[20-Jul-2023 14:44:01 Asia/Yekaterinburg] PHP Warning:  Undefined property: Panel\Controllers\Journal::$log_rates in /home/a0214888/domains/a0214888.xsph.ru/public_html/panel/models/Journal.php on line 125
[20-Jul-2023 14:44:01 Asia/Yekaterinburg] PHP Deprecated:  is_file(): Passing null to parameter #1 ($filename) of type string is deprecated in /home/a0214888/domains/a0214888.xsph.ru/public_html/panel/models/Journal.php on line 126
[20-Jul-2023 16:10:54 Asia/Yekaterinburg] PHP Warning:  Undefined property: Panel\Controllers\Journal::$log_rates in /home/a0214888/domains/a0214888.xsph.ru/public_html/panel/models/Journal.php on line 125
[20-Jul-2023 16:10:54 Asia/Yekaterinburg] PHP Deprecated:  is_file(): Passing null to parameter #1 ($filename) of type string is deprecated in /home/a0214888/domains/a0214888.xsph.ru/public_html/panel/models/Journal.php on line 126
[20-Jul-2023 16:11:12 Asia/Yekaterinburg] PHP Fatal error:  Uncaught Error: Call to undefined method Core\Server::getCountryCode() in /home/a0214888/domains/a0214888.xsph.ru/public_html/panel/view/feedback/feedback_list.php:50
Stack trace:
#0 /home/a0214888/domains/a0214888.xsph.ru/public_html/panel/View.php(19): require()
#1 /home/a0214888/domains/a0214888.xsph.ru/public_html/panel/View.php(12): Panel\View->renderPhpFile('../panel/view/f...', Array)
#2 /home/a0214888/domains/a0214888.xsph.ru/public_html/panel/models/Feedback.php(50): Panel\View->render('feedback/feedba...', Array)
#3 /home/a0214888/domains/a0214888.xsph.ru/public_html/panel/controllers/Feedback.php(22): Panel\Models\Feedback->showListRecords()
#4 /home/a0214888/domains/a0214888.xsph.ru/public_html/panel/Rout.php(38): Panel\Controllers\Feedback->getList()
#5 /home/a0214888/domains/a0214888.xsph.ru/public_html/core/Route.php(11): Panel\Rout->init()
#6 /home/a0214888/domains/a0214888.xsph.ru/public_html/web/index.php(25): Core\Route->init()
#7 {main}
  thrown in /home/a0214888/domains/a0214888.xsph.ru/public_html/panel/view/feedback/feedback_list.php on line 50
[20-Jul-2023 16:11:24 Asia/Yekaterinburg] PHP Warning:  Undefined property: Panel\Controllers\Journal::$log_rates in /home/a0214888/domains/a0214888.xsph.ru/public_html/panel/models/Journal.php on line 125
[20-Jul-2023 16:11:24 Asia/Yekaterinburg] PHP Deprecated:  is_file(): Passing null to parameter #1 ($filename) of type string is deprecated in /home/a0214888/domains/a0214888.xsph.ru/public_html/panel/models/Journal.php on line 126
[20-Jul-2023 16:11:27 Asia/Yekaterinburg] PHP Warning:  Undefined property: Panel\Controllers\Journal::$log_rates in /home/a0214888/domains/a0214888.xsph.ru/public_html/panel/models/Journal.php on line 125
[20-Jul-2023 16:11:27 Asia/Yekaterinburg] PHP Deprecated:  is_file(): Passing null to parameter #1 ($filename) of type string is deprecated in /home/a0214888/domains/a0214888.xsph.ru/public_html/panel/models/Journal.php on line 126
[20-Jul-2023 16:11:32 Asia/Yekaterinburg] PHP Fatal error:  Uncaught Exception: autoload error: ../models/Comments in /home/a0214888/domains/a0214888.xsph.ru/public_html/core/Autoload.php:9
Stack trace:
#0 /home/a0214888/domains/a0214888.xsph.ru/public_html/panel/models/Comments.php(6): autoloadClasses('Models\\Comments')
#1 /home/a0214888/domains/a0214888.xsph.ru/public_html/core/Autoload.php(12): require_once('/home/a0214888/...')
#2 /home/a0214888/domains/a0214888.xsph.ru/public_html/panel/models/Article.php(8): autoloadClasses('Panel\\Models\\Co...')
#3 /home/a0214888/domains/a0214888.xsph.ru/public_html/panel/controllers/Article.php(12): Panel\Models\Article->showArticleList()
#4 /home/a0214888/domains/a0214888.xsph.ru/public_html/panel/Rout.php(38): Panel\Controllers\Article->getList()
#5 /home/a0214888/domains/a0214888.xsph.ru/public_html/core/Route.php(11): Panel\Rout->init()
#6 /home/a0214888/domains/a0214888.xsph.ru/public_html/web/index.php(25): Core\Route->init()
#7 {main}
  thrown in /home/a0214888/domains/a0214888.xsph.ru/public_html/core/Autoload.php on line 9
[20-Jul-2023 19:32:41 Asia/Yekaterinburg] PHP Warning:  Undefined property: Panel\Controllers\Journal::$log_rates in /home/a0214888/domains/a0214888.xsph.ru/public_html/panel/models/Journal.php on line 125
[20-Jul-2023 19:32:41 Asia/Yekaterinburg] PHP Deprecated:  is_file(): Passing null to parameter #1 ($filename) of type string is deprecated in /home/a0214888/domains/a0214888.xsph.ru/public_html/panel/models/Journal.php on line 126
[20-Jul-2023 19:32:47 Asia/Yekaterinburg] PHP Fatal error:  Uncaught Error: Call to undefined method Core\Server::getCountryCode() in /home/a0214888/domains/a0214888.xsph.ru/public_html/panel/view/feedback/feedback_list.php:50
Stack trace:
#0 /home/a0214888/domains/a0214888.xsph.ru/public_html/panel/View.php(19): require()
#1 /home/a0214888/domains/a0214888.xsph.ru/public_html/panel/View.php(12): Panel\View->renderPhpFile('../panel/view/f...', Array)
#2 /home/a0214888/domains/a0214888.xsph.ru/public_html/panel/models/Feedback.php(50): Panel\View->render('feedback/feedba...', Array)
#3 /home/a0214888/domains/a0214888.xsph.ru/public_html/panel/controllers/Feedback.php(22): Panel\Models\Feedback->showListRecords()
#4 /home/a0214888/domains/a0214888.xsph.ru/public_html/panel/Rout.php(38): Panel\Controllers\Feedback->getList()
#5 /home/a0214888/domains/a0214888.xsph.ru/public_html/core/Route.php(11): Panel\Rout->init()
#6 /home/a0214888/domains/a0214888.xsph.ru/public_html/web/index.php(25): Core\Route->init()
#7 {main}
  thrown in /home/a0214888/domains/a0214888.xsph.ru/public_html/panel/view/feedback/feedback_list.php on line 50
[20-Jul-2023 19:32:56 Asia/Yekaterinburg] PHP Warning:  Undefined property: Panel\Controllers\Journal::$log_rates in /home/a0214888/domains/a0214888.xsph.ru/public_html/panel/models/Journal.php on line 125
[20-Jul-2023 19:32:56 Asia/Yekaterinburg] PHP Deprecated:  is_file(): Passing null to parameter #1 ($filename) of type string is deprecated in /home/a0214888/domains/a0214888.xsph.ru/public_html/panel/models/Journal.php on line 126
[20-Jul-2023 19:32:58 Asia/Yekaterinburg] PHP Warning:  Undefined property: Panel\Controllers\Journal::$log_rates in /home/a0214888/domains/a0214888.xsph.ru/public_html/panel/models/Journal.php on line 125
[20-Jul-2023 19:32:58 Asia/Yekaterinburg] PHP Deprecated:  is_file(): Passing null to parameter #1 ($filename) of type string is deprecated in /home/a0214888/domains/a0214888.xsph.ru/public_html/panel/models/Journal.php on line 126
[13-Sep-2024 09:57:09 Asia/Yekaterinburg] PHP Parse error:  syntax error, unexpected variable "$access" in /home/a0214888/domains/izlagaj.ru/public_html/view/template/de-static-tpl.php on line 1
[13-Sep-2024 09:57:15 Asia/Yekaterinburg] PHP Parse error:  syntax error, unexpected variable "$access" in /home/a0214888/domains/izlagaj.ru/public_html/view/template/de-static-tpl.php on line 1
[13-Sep-2024 09:57:59 Asia/Yekaterinburg] PHP Parse error:  syntax error, unexpected variable "$access" in /home/a0214888/domains/izlagaj.ru/public_html/view/template/de-static-tpl.php on line 1
[13-Sep-2024 09:58:26 Asia/Yekaterinburg] PHP Parse error:  syntax error, unexpected variable "$access" in /home/a0214888/domains/izlagaj.ru/public_html/view/template/de-static-tpl.php on line 1
[13-Sep-2024 09:59:09 Asia/Yekaterinburg] PHP Parse error:  syntax error, unexpected variable "$access" in /home/a0214888/domains/izlagaj.ru/public_html/view/template/de-static-tpl.php on line 1
[13-Sep-2024 10:00:46 Asia/Yekaterinburg] PHP Parse error:  syntax error, unexpected variable "$access" in /home/a0214888/domains/izlagaj.ru/public_html/view/template/meet-static-tpl.php on line 1
[13-Sep-2024 10:01:23 Asia/Yekaterinburg] PHP Parse error:  syntax error, unexpected variable "$access" in /home/a0214888/domains/izlagaj.ru/public_html/view/template/meet-static-tpl.php on line 1
[13-Sep-2024 10:01:29 Asia/Yekaterinburg] PHP Parse error:  syntax error, unexpected variable "$access" in /home/a0214888/domains/izlagaj.ru/public_html/view/template/meet-static-tpl.php on line 1
[13-Sep-2024 10:01:57 Asia/Yekaterinburg] PHP Parse error:  syntax error, unexpected variable "$access" in /home/a0214888/domains/izlagaj.ru/public_html/view/template/meet-static-tpl.php on line 1
[13-Sep-2024 10:03:02 Asia/Yekaterinburg] PHP Parse error:  syntax error, unexpected variable "$access" in /home/a0214888/domains/izlagaj.ru/public_html/view/template/meet-static-tpl.php on line 1
[13-Sep-2024 10:03:25 Asia/Yekaterinburg] PHP Fatal error:  Uncaught Error: Undefined constant "php" in /home/a0214888/domains/izlagaj.ru/public_html/view/template/meet-static-tpl.php:1
Stack trace:
#0 /home/a0214888/domains/izlagaj.ru/public_html/core/View.php(61): require()
#1 /home/a0214888/domains/izlagaj.ru/public_html/core/View.php(54): Core\View->renderView('../view/templat...', Array)
#2 /home/a0214888/domains/izlagaj.ru/public_html/core/StaticPage.php(46): Core\View->render('template/meet-s...', Array)
#3 /home/a0214888/domains/izlagaj.ru/public_html/core/Route.php(15): Core\StaticPage->init('meropriyatiya')
#4 /home/a0214888/domains/izlagaj.ru/public_html/web/index.php(25): Core\Route->init()
#5 {main}
  thrown in /home/a0214888/domains/izlagaj.ru/public_html/view/template/meet-static-tpl.php on line 1
[13-Sep-2024 10:03:48 Asia/Yekaterinburg] PHP Fatal error:  Uncaught Error: Undefined constant "php" in /home/a0214888/domains/izlagaj.ru/public_html/view/template/meet-static-tpl.php:1
Stack trace:
#0 /home/a0214888/domains/izlagaj.ru/public_html/core/View.php(61): require()
#1 /home/a0214888/domains/izlagaj.ru/public_html/core/View.php(54): Core\View->renderView('../view/templat...', Array)
#2 /home/a0214888/domains/izlagaj.ru/public_html/core/StaticPage.php(46): Core\View->render('template/meet-s...', Array)
#3 /home/a0214888/domains/izlagaj.ru/public_html/core/Route.php(15): Core\StaticPage->init('meropriyatiya')
#4 /home/a0214888/domains/izlagaj.ru/public_html/web/index.php(25): Core\Route->init()
#5 {main}
  thrown in /home/a0214888/domains/izlagaj.ru/public_html/view/template/meet-static-tpl.php on line 1
[13-Sep-2024 10:03:51 Asia/Yekaterinburg] PHP Fatal error:  Uncaught Error: Undefined constant "php" in /home/a0214888/domains/izlagaj.ru/public_html/view/template/meet-static-tpl.php:1
Stack trace:
#0 /home/a0214888/domains/izlagaj.ru/public_html/core/View.php(61): require()
#1 /home/a0214888/domains/izlagaj.ru/public_html/core/View.php(54): Core\View->renderView('../view/templat...', Array)
#2 /home/a0214888/domains/izlagaj.ru/public_html/core/StaticPage.php(46): Core\View->render('template/meet-s...', Array)
#3 /home/a0214888/domains/izlagaj.ru/public_html/core/Route.php(15): Core\StaticPage->init('meropriyatiya')
#4 /home/a0214888/domains/izlagaj.ru/public_html/web/index.php(25): Core\Route->init()
#5 {main}
  thrown in /home/a0214888/domains/izlagaj.ru/public_html/view/template/meet-static-tpl.php on line 1
[13-Sep-2024 10:03:57 Asia/Yekaterinburg] PHP Parse error:  syntax error, unexpected variable "$access" in /home/a0214888/domains/izlagaj.ru/public_html/view/template/de-static-tpl.php on line 1
[13-Sep-2024 10:04:05 Asia/Yekaterinburg] PHP Fatal error:  Uncaught Error: Undefined constant "php" in /home/a0214888/domains/izlagaj.ru/public_html/view/template/meet-static-tpl.php:1
Stack trace:
#0 /home/a0214888/domains/izlagaj.ru/public_html/core/View.php(61): require()
#1 /home/a0214888/domains/izlagaj.ru/public_html/core/View.php(54): Core\View->renderView('../view/templat...', Array)
#2 /home/a0214888/domains/izlagaj.ru/public_html/core/StaticPage.php(46): Core\View->render('template/meet-s...', Array)
#3 /home/a0214888/domains/izlagaj.ru/public_html/core/Route.php(15): Core\StaticPage->init('meropriyatiya')
#4 /home/a0214888/domains/izlagaj.ru/public_html/web/index.php(25): Core\Route->init()
#5 {main}
  thrown in /home/a0214888/domains/izlagaj.ru/public_html/view/template/meet-static-tpl.php on line 1
[13-Sep-2024 10:04:09 Asia/Yekaterinburg] PHP Parse error:  syntax error, unexpected variable "$access" in /home/a0214888/domains/izlagaj.ru/public_html/view/template/de-static-tpl.php on line 1
[13-Sep-2024 10:09:06 Asia/Yekaterinburg] PHP Fatal error:  Uncaught Error: Undefined constant "php" in /home/a0214888/domains/izlagaj.ru/public_html/view/template/meet-static-tpl.php:1
Stack trace:
#0 /home/a0214888/domains/izlagaj.ru/public_html/core/View.php(61): require()
#1 /home/a0214888/domains/izlagaj.ru/public_html/core/View.php(54): Core\View->renderView('../view/templat...', Array)
#2 /home/a0214888/domains/izlagaj.ru/public_html/core/StaticPage.php(46): Core\View->render('template/meet-s...', Array)
#3 /home/a0214888/domains/izlagaj.ru/public_html/core/Route.php(15): Core\StaticPage->init('meropriyatiya')
#4 /home/a0214888/domains/izlagaj.ru/public_html/web/index.php(25): Core\Route->init()
#5 {main}
  thrown in /home/a0214888/domains/izlagaj.ru/public_html/view/template/meet-static-tpl.php on line 1
[13-Sep-2024 10:10:46 Asia/Yekaterinburg] PHP Fatal error:  Uncaught Error: Undefined constant "php" in /home/a0214888/domains/izlagaj.ru/public_html/view/template/meet-static-tpl.php:1
Stack trace:
#0 /home/a0214888/domains/izlagaj.ru/public_html/core/View.php(61): require()
#1 /home/a0214888/domains/izlagaj.ru/public_html/core/View.php(54): Core\View->renderView('../view/templat...', Array)
#2 /home/a0214888/domains/izlagaj.ru/public_html/core/StaticPage.php(46): Core\View->render('template/meet-s...', Array)
#3 /home/a0214888/domains/izlagaj.ru/public_html/core/Route.php(15): Core\StaticPage->init('meropriyatiya')
#4 /home/a0214888/domains/izlagaj.ru/public_html/web/index.php(25): Core\Route->init()
#5 {main}
  thrown in /home/a0214888/domains/izlagaj.ru/public_html/view/template/meet-static-tpl.php on line 1
[13-Sep-2024 10:10:50 Asia/Yekaterinburg] PHP Fatal error:  Uncaught Error: Undefined constant "php" in /home/a0214888/domains/izlagaj.ru/public_html/view/template/meet-static-tpl.php:1
Stack trace:
#0 /home/a0214888/domains/izlagaj.ru/public_html/core/View.php(61): require()
#1 /home/a0214888/domains/izlagaj.ru/public_html/core/View.php(54): Core\View->renderView('../view/templat...', Array)
#2 /home/a0214888/domains/izlagaj.ru/public_html/core/StaticPage.php(46): Core\View->render('template/meet-s...', Array)
#3 /home/a0214888/domains/izlagaj.ru/public_html/core/Route.php(15): Core\StaticPage->init('meropriyatiya')
#4 /home/a0214888/domains/izlagaj.ru/public_html/web/index.php(25): Core\Route->init()
#5 {main}
  thrown in /home/a0214888/domains/izlagaj.ru/public_html/view/template/meet-static-tpl.php on line 1
[13-Sep-2024 10:11:40 Asia/Yekaterinburg] PHP Fatal error:  Uncaught Error: Undefined constant "php" in /home/a0214888/domains/izlagaj.ru/public_html/view/template/meet-static-tpl.php:1
Stack trace:
#0 /home/a0214888/domains/izlagaj.ru/public_html/core/View.php(61): require()
#1 /home/a0214888/domains/izlagaj.ru/public_html/core/View.php(54): Core\View->renderView('../view/templat...', Array)
#2 /home/a0214888/domains/izlagaj.ru/public_html/core/StaticPage.php(46): Core\View->render('template/meet-s...', Array)
#3 /home/a0214888/domains/izlagaj.ru/public_html/core/Route.php(15): Core\StaticPage->init('meropriyatiya')
#4 /home/a0214888/domains/izlagaj.ru/public_html/web/index.php(25): Core\Route->init()
#5 {main}
  thrown in /home/a0214888/domains/izlagaj.ru/public_html/view/template/meet-static-tpl.php on line 1
[13-Sep-2024 10:11:43 Asia/Yekaterinburg] PHP Fatal error:  Uncaught Error: Undefined constant "php" in /home/a0214888/domains/izlagaj.ru/public_html/view/template/meet-static-tpl.php:1
Stack trace:
#0 /home/a0214888/domains/izlagaj.ru/public_html/core/View.php(61): require()
#1 /home/a0214888/domains/izlagaj.ru/public_html/core/View.php(54): Core\View->renderView('../view/templat...', Array)
#2 /home/a0214888/domains/izlagaj.ru/public_html/core/StaticPage.php(46): Core\View->render('template/meet-s...', Array)
#3 /home/a0214888/domains/izlagaj.ru/public_html/core/Route.php(15): Core\StaticPage->init('meropriyatiya')
#4 /home/a0214888/domains/izlagaj.ru/public_html/web/index.php(25): Core\Route->init()
#5 {main}
  thrown in /home/a0214888/domains/izlagaj.ru/public_html/view/template/meet-static-tpl.php on line 1
[14-Sep-2024 09:39:39 Asia/Yekaterinburg] PHP Warning:  Undefined property: Panel\Controllers\Journal::$log_rates in /home/a0214888/domains/izlagaj.ru/public_html/panel/models/Journal.php on line 125
[14-Sep-2024 09:39:39 Asia/Yekaterinburg] PHP Deprecated:  is_file(): Passing null to parameter #1 ($filename) of type string is deprecated in /home/a0214888/domains/izlagaj.ru/public_html/panel/models/Journal.php on line 126
[14-Sep-2024 09:39:43 Asia/Yekaterinburg] PHP Warning:  Undefined property: Panel\Controllers\Journal::$log_rates in /home/a0214888/domains/izlagaj.ru/public_html/panel/models/Journal.php on line 125
[14-Sep-2024 09:39:43 Asia/Yekaterinburg] PHP Deprecated:  is_file(): Passing null to parameter #1 ($filename) of type string is deprecated in /home/a0214888/domains/izlagaj.ru/public_html/panel/models/Journal.php on line 126
[14-Sep-2024 09:39:48 Asia/Yekaterinburg] PHP Warning:  Undefined property: Panel\Controllers\Journal::$log_rates in /home/a0214888/domains/izlagaj.ru/public_html/panel/models/Journal.php on line 125
[14-Sep-2024 09:39:48 Asia/Yekaterinburg] PHP Deprecated:  is_file(): Passing null to parameter #1 ($filename) of type string is deprecated in /home/a0214888/domains/izlagaj.ru/public_html/panel/models/Journal.php on line 126
[14-Sep-2024 09:40:29 Asia/Yekaterinburg] PHP Warning:  Undefined array key "id" in /home/a0214888/domains/izlagaj.ru/public_html/panel/models/StaticPage.php on line 143
[14-Sep-2024 09:40:29 Asia/Yekaterinburg] PHP Warning:  Undefined property: Panel\Controllers\Journal::$log_rates in /home/a0214888/domains/izlagaj.ru/public_html/panel/models/Journal.php on line 125
[14-Sep-2024 09:40:29 Asia/Yekaterinburg] PHP Deprecated:  is_file(): Passing null to parameter #1 ($filename) of type string is deprecated in /home/a0214888/domains/izlagaj.ru/public_html/panel/models/Journal.php on line 126
[14-Sep-2024 09:49:42 Asia/Yekaterinburg] PHP Warning:  Undefined property: Panel\Controllers\Journal::$log_rates in /home/a0214888/domains/izlagaj.ru/public_html/panel/models/Journal.php on line 125
[14-Sep-2024 09:49:42 Asia/Yekaterinburg] PHP Deprecated:  is_file(): Passing null to parameter #1 ($filename) of type string is deprecated in /home/a0214888/domains/izlagaj.ru/public_html/panel/models/Journal.php on line 126
[14-Sep-2024 09:50:12 Asia/Yekaterinburg] PHP Warning:  Undefined array key "id" in /home/a0214888/domains/izlagaj.ru/public_html/panel/models/StaticPage.php on line 143
[14-Sep-2024 09:50:13 Asia/Yekaterinburg] PHP Warning:  Undefined property: Panel\Controllers\Journal::$log_rates in /home/a0214888/domains/izlagaj.ru/public_html/panel/models/Journal.php on line 125
[14-Sep-2024 09:50:13 Asia/Yekaterinburg] PHP Deprecated:  is_file(): Passing null to parameter #1 ($filename) of type string is deprecated in /home/a0214888/domains/izlagaj.ru/public_html/panel/models/Journal.php on line 126
[14-Sep-2024 09:50:18 Asia/Yekaterinburg] PHP Fatal error:  Uncaught Exception: autoload error: ../models/Comments in /home/a0214888/domains/izlagaj.ru/public_html/core/Autoload.php:9
Stack trace:
#0 /home/a0214888/domains/izlagaj.ru/public_html/panel/models/Comments.php(6): autoloadClasses('Models\\Comments')
#1 /home/a0214888/domains/izlagaj.ru/public_html/core/Autoload.php(12): require_once('/home/a0214888/...')
#2 /home/a0214888/domains/izlagaj.ru/public_html/panel/models/User.php(35): autoloadClasses('Panel\\Models\\Co...')
#3 /home/a0214888/domains/izlagaj.ru/public_html/panel/controllers/User.php(9): Panel\Models\User->showListUsers()
#4 /home/a0214888/domains/izlagaj.ru/public_html/panel/Rout.php(38): Panel\Controllers\User->getList()
#5 /home/a0214888/domains/izlagaj.ru/public_html/core/Route.php(11): Panel\Rout->init()
#6 /home/a0214888/domains/izlagaj.ru/public_html/web/index.php(25): Core\Route->init()
#7 {main}
  thrown in /home/a0214888/domains/izlagaj.ru/public_html/core/Autoload.php on line 9
[14-Sep-2024 09:51:25 Asia/Yekaterinburg] PHP Fatal error:  Uncaught Exception: autoload error: ../models/Comments in /home/a0214888/domains/izlagaj.ru/public_html/core/Autoload.php:9
Stack trace:
#0 /home/a0214888/domains/izlagaj.ru/public_html/panel/models/Comments.php(6): autoloadClasses('Models\\Comments')
#1 /home/a0214888/domains/izlagaj.ru/public_html/core/Autoload.php(12): require_once('/home/a0214888/...')
#2 /home/a0214888/domains/izlagaj.ru/public_html/panel/models/User.php(35): autoloadClasses('Panel\\Models\\Co...')
#3 /home/a0214888/domains/izlagaj.ru/public_html/panel/controllers/User.php(9): Panel\Models\User->showListUsers()
#4 /home/a0214888/domains/izlagaj.ru/public_html/panel/Rout.php(38): Panel\Controllers\User->getList()
#5 /home/a0214888/domains/izlagaj.ru/public_html/core/Route.php(11): Panel\Rout->init()
#6 /home/a0214888/domains/izlagaj.ru/public_html/web/index.php(25): Core\Route->init()
#7 {main}
  thrown in /home/a0214888/domains/izlagaj.ru/public_html/core/Autoload.php on line 9
[14-Sep-2024 09:51:28 Asia/Yekaterinburg] PHP Fatal error:  Uncaught Exception: autoload error: ../models/Comments in /home/a0214888/domains/izlagaj.ru/public_html/core/Autoload.php:9
Stack trace:
#0 /home/a0214888/domains/izlagaj.ru/public_html/panel/models/Comments.php(6): autoloadClasses('Models\\Comments')
#1 /home/a0214888/domains/izlagaj.ru/public_html/core/Autoload.php(12): require_once('/home/a0214888/...')
#2 /home/a0214888/domains/izlagaj.ru/public_html/panel/models/User.php(35): autoloadClasses('Panel\\Models\\Co...')
#3 /home/a0214888/domains/izlagaj.ru/public_html/panel/controllers/User.php(9): Panel\Models\User->showListUsers()
#4 /home/a0214888/domains/izlagaj.ru/public_html/panel/Rout.php(38): Panel\Controllers\User->getList()
#5 /home/a0214888/domains/izlagaj.ru/public_html/core/Route.php(11): Panel\Rout->init()
#6 /home/a0214888/domains/izlagaj.ru/public_html/web/index.php(25): Core\Route->init()
#7 {main}
  thrown in /home/a0214888/domains/izlagaj.ru/public_html/core/Autoload.php on line 9
[14-Sep-2024 09:52:39 Asia/Yekaterinburg] PHP Fatal error:  Uncaught Exception: autoload error: ../models/Comments in /home/a0214888/domains/izlagaj.ru/public_html/core/Autoload.php:9
Stack trace:
#0 /home/a0214888/domains/izlagaj.ru/public_html/panel/models/Comments.php(6): autoloadClasses('Models\\Comments')
#1 /home/a0214888/domains/izlagaj.ru/public_html/core/Autoload.php(12): require_once('/home/a0214888/...')
#2 /home/a0214888/domains/izlagaj.ru/public_html/panel/models/User.php(35): autoloadClasses('Panel\\Models\\Co...')
#3 /home/a0214888/domains/izlagaj.ru/public_html/panel/controllers/User.php(9): Panel\Models\User->showListUsers()
#4 /home/a0214888/domains/izlagaj.ru/public_html/panel/Rout.php(38): Panel\Controllers\User->getList()
#5 /home/a0214888/domains/izlagaj.ru/public_html/core/Route.php(11): Panel\Rout->init()
#6 /home/a0214888/domains/izlagaj.ru/public_html/web/index.php(25): Core\Route->init()
#7 {main}
  thrown in /home/a0214888/domains/izlagaj.ru/public_html/core/Autoload.php on line 9
[14-Sep-2024 09:53:22 Asia/Yekaterinburg] PHP Fatal error:  Uncaught Exception: autoload error: ../models/Comments in /home/a0214888/domains/izlagaj.ru/public_html/core/Autoload.php:9
Stack trace:
#0 /home/a0214888/domains/izlagaj.ru/public_html/panel/models/Comments.php(6): autoloadClasses('Models\\Comments')
#1 /home/a0214888/domains/izlagaj.ru/public_html/core/Autoload.php(12): require_once('/home/a0214888/...')
#2 /home/a0214888/domains/izlagaj.ru/public_html/panel/models/User.php(35): autoloadClasses('Panel\\Models\\Co...')
#3 /home/a0214888/domains/izlagaj.ru/public_html/panel/controllers/User.php(9): Panel\Models\User->showListUsers()
#4 /home/a0214888/domains/izlagaj.ru/public_html/panel/Rout.php(38): Panel\Controllers\User->getList()
#5 /home/a0214888/domains/izlagaj.ru/public_html/core/Route.php(11): Panel\Rout->init()
#6 /home/a0214888/domains/izlagaj.ru/public_html/web/index.php(25): Core\Route->init()
#7 {main}
  thrown in /home/a0214888/domains/izlagaj.ru/public_html/core/Autoload.php on line 9
[14-Sep-2024 09:54:00 Asia/Yekaterinburg] PHP Warning:  Undefined array key "raiting" in /home/a0214888/domains/izlagaj.ru/public_html/panel/view/user/user_list.php on line 74
[14-Sep-2024 09:54:00 Asia/Yekaterinburg] PHP Warning:  Undefined array key "likes" in /home/a0214888/domains/izlagaj.ru/public_html/panel/view/user/user_list.php on line 77
[14-Sep-2024 09:54:00 Asia/Yekaterinburg] PHP Warning:  Undefined array key "dislikes" in /home/a0214888/domains/izlagaj.ru/public_html/panel/view/user/user_list.php on line 80
[14-Sep-2024 09:54:00 Asia/Yekaterinburg] PHP Fatal error:  Uncaught Error: Call to undefined method Core\Server::getCountryCode() in /home/a0214888/domains/izlagaj.ru/public_html/panel/view/user/user_list.php:89
Stack trace:
#0 /home/a0214888/domains/izlagaj.ru/public_html/panel/View.php(19): require()
#1 /home/a0214888/domains/izlagaj.ru/public_html/panel/View.php(12): Panel\View->renderPhpFile('../panel/view/u...', Array)
#2 /home/a0214888/domains/izlagaj.ru/public_html/panel/models/User.php(46): Panel\View->render('user/user_list', Array)
#3 /home/a0214888/domains/izlagaj.ru/public_html/panel/controllers/User.php(9): Panel\Models\User->showListUsers()
#4 /home/a0214888/domains/izlagaj.ru/public_html/panel/Rout.php(38): Panel\Controllers\User->getList()
#5 /home/a0214888/domains/izlagaj.ru/public_html/core/Route.php(11): Panel\Rout->init()
#6 /home/a0214888/domains/izlagaj.ru/public_html/web/index.php(25): Core\Route->init()
#7 {main}
  thrown in /home/a0214888/domains/izlagaj.ru/public_html/panel/view/user/user_list.php on line 89
[14-Sep-2024 09:54:36 Asia/Yekaterinburg] PHP Fatal error:  Uncaught Error: Call to undefined method Core\Server::getCountryCode() in /home/a0214888/domains/izlagaj.ru/public_html/panel/view/user/user_list.php:85
Stack trace:
#0 /home/a0214888/domains/izlagaj.ru/public_html/panel/View.php(19): require()
#1 /home/a0214888/domains/izlagaj.ru/public_html/panel/View.php(12): Panel\View->renderPhpFile('../panel/view/u...', Array)
#2 /home/a0214888/domains/izlagaj.ru/public_html/panel/models/User.php(46): Panel\View->render('user/user_list', Array)
#3 /home/a0214888/domains/izlagaj.ru/public_html/panel/controllers/User.php(9): Panel\Models\User->showListUsers()
#4 /home/a0214888/domains/izlagaj.ru/public_html/panel/Rout.php(38): Panel\Controllers\User->getList()
#5 /home/a0214888/domains/izlagaj.ru/public_html/core/Route.php(11): Panel\Rout->init()
#6 /home/a0214888/domains/izlagaj.ru/public_html/web/index.php(25): Core\Route->init()
#7 {main}
  thrown in /home/a0214888/domains/izlagaj.ru/public_html/panel/view/user/user_list.php on line 85
[14-Sep-2024 09:54:46 Asia/Yekaterinburg] PHP Fatal error:  Uncaught Error: Call to undefined method Core\Server::getCountryCode() in /home/a0214888/domains/izlagaj.ru/public_html/panel/view/user/user_list.php:85
Stack trace:
#0 /home/a0214888/domains/izlagaj.ru/public_html/panel/View.php(19): require()
#1 /home/a0214888/domains/izlagaj.ru/public_html/panel/View.php(12): Panel\View->renderPhpFile('../panel/view/u...', Array)
#2 /home/a0214888/domains/izlagaj.ru/public_html/panel/models/User.php(46): Panel\View->render('user/user_list', Array)
#3 /home/a0214888/domains/izlagaj.ru/public_html/panel/controllers/User.php(9): Panel\Models\User->showListUsers()
#4 /home/a0214888/domains/izlagaj.ru/public_html/panel/Rout.php(38): Panel\Controllers\User->getList()
#5 /home/a0214888/domains/izlagaj.ru/public_html/core/Route.php(11): Panel\Rout->init()
#6 /home/a0214888/domains/izlagaj.ru/public_html/web/index.php(25): Core\Route->init()
#7 {main}
  thrown in /home/a0214888/domains/izlagaj.ru/public_html/panel/view/user/user_list.php on line 85
[14-Sep-2024 09:55:11 Asia/Yekaterinburg] PHP Fatal error:  Uncaught Error: Call to undefined method Core\Server::getCountryCode() in /home/a0214888/domains/izlagaj.ru/public_html/panel/view/user/user_list.php:88
Stack trace:
#0 /home/a0214888/domains/izlagaj.ru/public_html/panel/View.php(19): require()
#1 /home/a0214888/domains/izlagaj.ru/public_html/panel/View.php(12): Panel\View->renderPhpFile('../panel/view/u...', Array)
#2 /home/a0214888/domains/izlagaj.ru/public_html/panel/models/User.php(46): Panel\View->render('user/user_list', Array)
#3 /home/a0214888/domains/izlagaj.ru/public_html/panel/controllers/User.php(9): Panel\Models\User->showListUsers()
#4 /home/a0214888/domains/izlagaj.ru/public_html/panel/Rout.php(38): Panel\Controllers\User->getList()
#5 /home/a0214888/domains/izlagaj.ru/public_html/core/Route.php(11): Panel\Rout->init()
#6 /home/a0214888/domains/izlagaj.ru/public_html/web/index.php(25): Core\Route->init()
#7 {main}
  thrown in /home/a0214888/domains/izlagaj.ru/public_html/panel/view/user/user_list.php on line 88
[14-Sep-2024 09:55:12 Asia/Yekaterinburg] PHP Fatal error:  Uncaught Error: Call to undefined method Core\Server::getCountryCode() in /home/a0214888/domains/izlagaj.ru/public_html/panel/view/user/user_list.php:88
Stack trace:
#0 /home/a0214888/domains/izlagaj.ru/public_html/panel/View.php(19): require()
#1 /home/a0214888/domains/izlagaj.ru/public_html/panel/View.php(12): Panel\View->renderPhpFile('../panel/view/u...', Array)
#2 /home/a0214888/domains/izlagaj.ru/public_html/panel/models/User.php(46): Panel\View->render('user/user_list', Array)
#3 /home/a0214888/domains/izlagaj.ru/public_html/panel/controllers/User.php(9): Panel\Models\User->showListUsers()
#4 /home/a0214888/domains/izlagaj.ru/public_html/panel/Rout.php(38): Panel\Controllers\User->getList()
#5 /home/a0214888/domains/izlagaj.ru/public_html/core/Route.php(11): Panel\Rout->init()
#6 /home/a0214888/domains/izlagaj.ru/public_html/web/index.php(25): Core\Route->init()
#7 {main}
  thrown in /home/a0214888/domains/izlagaj.ru/public_html/panel/view/user/user_list.php on line 88
[14-Sep-2024 09:55:23 Asia/Yekaterinburg] PHP Warning:  Undefined property: Panel\Controllers\Journal::$log_rates in /home/a0214888/domains/izlagaj.ru/public_html/panel/models/Journal.php on line 125
[14-Sep-2024 09:55:23 Asia/Yekaterinburg] PHP Deprecated:  is_file(): Passing null to parameter #1 ($filename) of type string is deprecated in /home/a0214888/domains/izlagaj.ru/public_html/panel/models/Journal.php on line 126
[14-Sep-2024 09:55:25 Asia/Yekaterinburg] PHP Warning:  Undefined property: Panel\Controllers\Journal::$log_rates in /home/a0214888/domains/izlagaj.ru/public_html/panel/models/Journal.php on line 125
[14-Sep-2024 09:55:25 Asia/Yekaterinburg] PHP Deprecated:  is_file(): Passing null to parameter #1 ($filename) of type string is deprecated in /home/a0214888/domains/izlagaj.ru/public_html/panel/models/Journal.php on line 126
[14-Sep-2024 14:17:51 Asia/Yekaterinburg] PHP Warning:  Undefined variable $user_degree in /home/a0214888/domains/izlagaj.ru/public_html/view/top_profile.php on line 23
[14-Sep-2024 14:17:55 Asia/Yekaterinburg] PHP Warning:  Undefined variable $user_degree in /home/a0214888/domains/izlagaj.ru/public_html/view/top_profile.php on line 23
[14-Sep-2024 14:18:17 Asia/Yekaterinburg] PHP Warning:  Undefined variable $user_degree in /home/a0214888/domains/izlagaj.ru/public_html/view/top_profile.php on line 23
[14-Sep-2024 14:22:14 Asia/Yekaterinburg] PHP Warning:  Undefined variable $user_degree in /home/a0214888/domains/izlagaj.ru/public_html/view/top_profile.php on line 23
[14-Sep-2024 14:22:32 Asia/Yekaterinburg] PHP Warning:  Undefined variable $user_degree in /home/a0214888/domains/izlagaj.ru/public_html/view/top_profile.php on line 23
[14-Sep-2024 14:22:50 Asia/Yekaterinburg] PHP Warning:  Undefined variable $user_degree in /home/a0214888/domains/izlagaj.ru/public_html/view/top_profile.php on line 23
[14-Sep-2024 14:23:16 Asia/Yekaterinburg] PHP Warning:  Undefined variable $user_degree in /home/a0214888/domains/izlagaj.ru/public_html/view/top_profile.php on line 23
[25-Sep-2024 17:14:58 Asia/Yekaterinburg] PHP Fatal error:  Uncaught Exception: autoload error: ../core/AdminOption in /home/a0214888/domains/izlagaj.ru/public_html/core/Autoload.php:9
Stack trace:
#0 /home/a0214888/domains/izlagaj.ru/public_html/view/header.php(4): autoloadClasses('Core\\AdminOptio...')
#1 /home/a0214888/domains/izlagaj.ru/public_html/core/View.php(61): require('/home/a0214888/...')
#2 /home/a0214888/domains/izlagaj.ru/public_html/core/View.php(54): Core\View->renderView('../view/header....', Array)
#3 /home/a0214888/domains/izlagaj.ru/public_html/models/Main.php(13): Core\View->render('header', Array)
#4 /home/a0214888/domains/izlagaj.ru/public_html/controllers/Main.php(7): Models\Main->getMainPage()
#5 /home/a0214888/domains/izlagaj.ru/public_html/core/Route.php(23): Controllers\Main->index()
#6 /home/a0214888/domains/izlagaj.ru/public_html/web/index.php(25): Core\Route->init()
#7 {main}
  thrown in /home/a0214888/domains/izlagaj.ru/public_html/core/Autoload.php on line 9
[25-Sep-2024 17:14:59 Asia/Yekaterinburg] PHP Fatal error:  Uncaught Exception: autoload error: ../core/AdminOption in /home/a0214888/domains/izlagaj.ru/public_html/core/Autoload.php:9
Stack trace:
#0 /home/a0214888/domains/izlagaj.ru/public_html/view/header.php(4): autoloadClasses('Core\\AdminOptio...')
#1 /home/a0214888/domains/izlagaj.ru/public_html/core/View.php(61): require('/home/a0214888/...')
#2 /home/a0214888/domains/izlagaj.ru/public_html/core/View.php(54): Core\View->renderView('../view/header....', Array)
#3 /home/a0214888/domains/izlagaj.ru/public_html/core/View.php(13): Core\View->render('header', Array)
#4 /home/a0214888/domains/izlagaj.ru/public_html/models/Category.php(45): Core\View->notFound()
#5 /home/a0214888/domains/izlagaj.ru/public_html/core/Page.php(16): Models\Category->showCategory('favicon.ico')
#6 /home/a0214888/domains/izlagaj.ru/public_html/core/Route.php(27): Core\Page->init()
#7 /home/a0214888/domains/izlagaj.ru/public_html/web/index.php(25): Core\Route->init()
#8 {main}
  thrown in /home/a0214888/domains/izlagaj.ru/public_html/core/Autoload.php on line 9
[25-Sep-2024 17:16:09 Asia/Yekaterinburg] PHP Fatal error:  Uncaught Exception: autoload error: ../core/AdminOption in /home/a0214888/domains/izlagaj.ru/public_html/core/Autoload.php:9
Stack trace:
#0 /home/a0214888/domains/izlagaj.ru/public_html/view/header.php(4): autoloadClasses('Core\\AdminOptio...')
#1 /home/a0214888/domains/izlagaj.ru/public_html/core/View.php(61): require('/home/a0214888/...')
#2 /home/a0214888/domains/izlagaj.ru/public_html/core/View.php(54): Core\View->renderView('../view/header....', Array)
#3 /home/a0214888/domains/izlagaj.ru/public_html/models/Main.php(13): Core\View->render('header', Array)
#4 /home/a0214888/domains/izlagaj.ru/public_html/controllers/Main.php(7): Models\Main->getMainPage()
#5 /home/a0214888/domains/izlagaj.ru/public_html/core/Route.php(23): Controllers\Main->index()
#6 /home/a0214888/domains/izlagaj.ru/public_html/web/index.php(25): Core\Route->init()
#7 {main}
  thrown in /home/a0214888/domains/izlagaj.ru/public_html/core/Autoload.php on line 9
[25-Sep-2024 17:16:14 Asia/Yekaterinburg] PHP Fatal error:  Uncaught Exception: autoload error: ../core/AdminOption in /home/a0214888/domains/izlagaj.ru/public_html/core/Autoload.php:9
Stack trace:
#0 /home/a0214888/domains/izlagaj.ru/public_html/view/header.php(4): autoloadClasses('Core\\AdminOptio...')
#1 /home/a0214888/domains/izlagaj.ru/public_html/core/View.php(61): require('/home/a0214888/...')
#2 /home/a0214888/domains/izlagaj.ru/public_html/core/View.php(54): Core\View->renderView('../view/header....', Array)
#3 /home/a0214888/domains/izlagaj.ru/public_html/models/Main.php(13): Core\View->render('header', Array)
#4 /home/a0214888/domains/izlagaj.ru/public_html/controllers/Main.php(7): Models\Main->getMainPage()
#5 /home/a0214888/domains/izlagaj.ru/public_html/core/Route.php(23): Controllers\Main->index()
#6 /home/a0214888/domains/izlagaj.ru/public_html/web/index.php(25): Core\Route->init()
#7 {main}
  thrown in /home/a0214888/domains/izlagaj.ru/public_html/core/Autoload.php on line 9
[25-Sep-2024 17:18:58 Asia/Yekaterinburg] PHP Fatal error:  Uncaught Exception: autoload error: ../core/Journal in /home/a0214888/domains/izlagaj.ru/public_html/core/Autoload.php:9
Stack trace:
#0 /home/a0214888/domains/izlagaj.ru/public_html/models/Model.php(11): autoloadClasses('Core\\Journal')
#1 /home/a0214888/domains/izlagaj.ru/public_html/models/User.php(9): Models\Model->__construct()
#2 /home/a0214888/domains/izlagaj.ru/public_html/core/Security.php(8): Models\User->__construct()
#3 /home/a0214888/domains/izlagaj.ru/public_html/web/index.php(22): Core\Security->initialAuthCookie()
#4 {main}
  thrown in /home/a0214888/domains/izlagaj.ru/public_html/core/Autoload.php on line 9
[25-Sep-2024 17:22:15 Asia/Yekaterinburg] PHP Fatal error:  Uncaught Exception: autoload error: ../core/Date in /home/a0214888/domains/izlagaj.ru/public_html/core/Autoload.php:9
Stack trace:
#0 /home/a0214888/domains/izlagaj.ru/public_html/view/main.php(3): autoloadClasses('Core\\Date')
#1 /home/a0214888/domains/izlagaj.ru/public_html/core/View.php(61): require('/home/a0214888/...')
#2 /home/a0214888/domains/izlagaj.ru/public_html/core/View.php(54): Core\View->renderView('../view/main.ph...', Array)
#3 /home/a0214888/domains/izlagaj.ru/public_html/models/Main.php(16): Core\View->render('main', Array)
#4 /home/a0214888/domains/izlagaj.ru/public_html/controllers/Main.php(7): Models\Main->getMainPage()
#5 /home/a0214888/domains/izlagaj.ru/public_html/core/Route.php(23): Controllers\Main->index()
#6 /home/a0214888/domains/izlagaj.ru/public_html/web/index.php(25): Core\Route->init()
#7 {main}
  thrown in /home/a0214888/domains/izlagaj.ru/public_html/core/Autoload.php on line 9
[25-Sep-2024 17:24:57 Asia/Yekaterinburg] PHP Fatal error:  Uncaught Exception: autoload error: ../core/Options in /home/a0214888/domains/izlagaj.ru/public_html/core/Autoload.php:9
Stack trace:
#0 /home/a0214888/domains/izlagaj.ru/public_html/view/footer.php(7): autoloadClasses('Core\\Options')
#1 /home/a0214888/domains/izlagaj.ru/public_html/core/View.php(61): require('/home/a0214888/...')
#2 /home/a0214888/domains/izlagaj.ru/public_html/core/View.php(54): Core\View->renderView('../view/footer....', Array)
#3 /home/a0214888/domains/izlagaj.ru/public_html/models/Main.php(18): Core\View->render('footer', Array)
#4 /home/a0214888/domains/izlagaj.ru/public_html/controllers/Main.php(7): Models\Main->getMainPage()
#5 /home/a0214888/domains/izlagaj.ru/public_html/core/Route.php(23): Controllers\Main->index()
#6 /home/a0214888/domains/izlagaj.ru/public_html/web/index.php(25): Core\Route->init()
#7 {main}
  thrown in /home/a0214888/domains/izlagaj.ru/public_html/core/Autoload.php on line 9
[25-Sep-2024 17:26:18 Asia/Yekaterinburg] PHP Warning:  require(../view/bread_crumbs/bread_crumbs_custom.php): Failed to open stream: No such file or directory in /home/a0214888/domains/izlagaj.ru/public_html/core/View.php on line 61
[25-Sep-2024 17:26:18 Asia/Yekaterinburg] PHP Warning:  require(../view/bread_crumbs/bread_crumbs_custom.php): Failed to open stream: No such file or directory in /home/a0214888/domains/izlagaj.ru/public_html/core/View.php on line 61
[25-Sep-2024 17:26:18 Asia/Yekaterinburg] PHP Fatal error:  Uncaught Error: Failed opening required '../view/bread_crumbs/bread_crumbs_custom.php' (include_path='.:/opt/remi/php81/root/usr/share/pear:/opt/remi/php81/root/usr/share/php:/usr/share/pear:/usr/share/php') in /home/a0214888/domains/izlagaj.ru/public_html/core/View.php:61
Stack trace:
#0 /home/a0214888/domains/izlagaj.ru/public_html/core/View.php(54): Core\View->renderView('../view/bread_c...', Array)
#1 /home/a0214888/domains/izlagaj.ru/public_html/core/StaticPage.php(46): Core\View->render('bread_crumbs/br...', Array)
#2 /home/a0214888/domains/izlagaj.ru/public_html/core/Route.php(15): Core\StaticPage->init('meropriyatiya')
#3 /home/a0214888/domains/izlagaj.ru/public_html/web/index.php(25): Core\Route->init()
#4 {main}
  thrown in /home/a0214888/domains/izlagaj.ru/public_html/core/View.php on line 61
[25-Sep-2024 17:26:59 Asia/Yekaterinburg] PHP Warning:  Undefined variable $bread_crumbs in /home/a0214888/domains/izlagaj.ru/public_html/view/template/meet-static-tpl.php on line 7
[25-Sep-2024 17:27:33 Asia/Yekaterinburg] PHP Warning:  Undefined variable $bread_crumbs in /home/a0214888/domains/izlagaj.ru/public_html/view/template/meet-static-tpl.php on line 7
[25-Sep-2024 17:27:35 Asia/Yekaterinburg] PHP Warning:  Undefined variable $bread_crumbs in /home/a0214888/domains/izlagaj.ru/public_html/view/template/meet-static-tpl.php on line 7
[25-Sep-2024 17:28:43 Asia/Yekaterinburg] PHP Fatal error:  Uncaught Exception: autoload error: ../core/Captcha in /home/a0214888/domains/izlagaj.ru/public_html/core/Autoload.php:9
Stack trace:
#0 /home/a0214888/domains/izlagaj.ru/public_html/view/template/feedback-static-tpl.php(4): autoloadClasses('Core\\Captcha')
#1 /home/a0214888/domains/izlagaj.ru/public_html/core/View.php(61): require('/home/a0214888/...')
#2 /home/a0214888/domains/izlagaj.ru/public_html/core/View.php(54): Core\View->renderView('../view/templat...', Array)
#3 /home/a0214888/domains/izlagaj.ru/public_html/core/StaticPage.php(44): Core\View->render('template/feedba...', Array)
#4 /home/a0214888/domains/izlagaj.ru/public_html/core/Route.php(15): Core\StaticPage->init('obratnaya-svyaz')
#5 /home/a0214888/domains/izlagaj.ru/public_html/web/index.php(25): Core\Route->init()
#6 {main}
  thrown in /home/a0214888/domains/izlagaj.ru/public_html/core/Autoload.php on line 9
[25-Sep-2024 17:30:59 Asia/Yekaterinburg] PHP Fatal error:  Uncaught Exception: autoload error: ../core/Server in /home/a0214888/domains/izlagaj.ru/public_html/core/Autoload.php:9
Stack trace:
#0 /home/a0214888/domains/izlagaj.ru/public_html/controllers/Auth.php(167): autoloadClasses('Core\\Server')
#1 /home/a0214888/domains/izlagaj.ru/public_html/controllers/Auth.php(73): Controllers\Auth->auth(1)
#2 /home/a0214888/domains/izlagaj.ru/public_html/core/Route.php(23): Controllers\Auth->login()
#3 /home/a0214888/domains/izlagaj.ru/public_html/web/index.php(25): Core\Route->init()
#4 {main}
  thrown in /home/a0214888/domains/izlagaj.ru/public_html/core/Autoload.php on line 9
